c:\crazydriver\lab2\debug\vc120.pdb
c:\crazydriver\lab2\debug\vc120.idb
c:\crazydriver\lab2\debug\collision.obj
c:\crazydriver\lab2\debug\drawingwindow.obj
c:\crazydriver\lab2\debug\transform2d.obj
c:\crazydriver\lab2\debug\transform3d.obj
c:\crazydriver\lab2\debug\visual2d.obj
c:\crazydriver\lab2\debug\main.obj
c:\crazydriver\debug\lab2.pdb
c:\crazydriver\lab2\debug\lab2.tlog\cl.command.1.tlog
c:\crazydriver\lab2\debug\lab2.tlog\cl.read.1.tlog
c:\crazydriver\lab2\debug\lab2.tlog\cl.write.1.tlog
c:\crazydriver\lab2\debug\lab2.tlog\link-cvtres.read.1.tlog
c:\crazydriver\lab2\debug\lab2.tlog\link-cvtres.write.1.tlog
c:\crazydriver\lab2\debug\lab2.tlog\link-mt.read.1.tlog
c:\crazydriver\lab2\debug\lab2.tlog\link-mt.write.1.tlog
c:\crazydriver\lab2\debug\lab2.tlog\link-rc.read.1.tlog
c:\crazydriver\lab2\debug\lab2.tlog\link-rc.write.1.tlog
c:\crazydriver\lab2\debug\lab2.tlog\link.command.1.tlog
c:\crazydriver\lab2\debug\lab2.tlog\link.read.1.tlog
c:\crazydriver\lab2\debug\lab2.tlog\link.write.1.tlog
